<?xml version="1.0" encoding="UTF-8"?>
<testsuite xmlns:xsi="http://www.w3.org/2001/XMLSchema-instance" xsi:noNamespaceSchemaLocation="https://maven.apache.org/surefire/maven-surefire-plugin/xsd/surefire-test-report-3.0.xsd" version="3.0" name="io.cucumber.junit.platform.engine.CucumberTestEngine" time="5.673" tests="3" errors="0" skipped="0" failures="0">
  <properties>
[...]
</properties>
  <testcase name="Gerenciamento de clientes via HTTP - : Criar um novo cliente - Examples - Example #1.1" classname="Gerenciamento de clientes via HTTP - : Criar um novo cliente - Examples" time="5.251">
    <system-out><![CDATA[
  .   ____          _            __ _ _
 /\\ / ___'_ __ _ _(_)_ __  __ _ \ \ \ \
( ( )\___ | '_ | '_| | '_ \/ _` | \ \ \ \
 \\/  ___)| |_)| | | | | || (_| |  ) ) ) )
  '  |____| .__|_| |_|_| |_\__, | / / / /
 =========|_|==============|___/=/_/_/_/
 :: Spring Boot ::                (v3.1.4)

2024-08-04T20:51:46.183-03:00  INFO 72653 --- [           main] b.c.f.l.c.i.CucumberConfiguration        : Starting CucumberConfiguration using Java 21 with PID 72653 (started by doug in /home/doug/Dev/Kotlin/postech-fiap-lanchonete-cliente-ms)
2024-08-04T20:51:46.184-03:00  INFO 72653 --- [           main] b.c.f.l.c.i.CucumberConfiguration        : The following 1 profile is active: "test"
2024-08-04T20:51:46.923-03:00  INFO 72653 --- [           main] .s.d.r.c.RepositoryConfigurationDelegate : Bootstrapping Spring Data JPA repositories in DEFAULT mode.
2024-08-04T20:51:46.954-03:00  INFO 72653 --- [           main] .s.d.r.c.RepositoryConfigurationDelegate : Finished Spring Data repository scanning in 26 ms. Found 1 JPA repository interfaces.
2024-08-04T20:51:47.155-03:00  INFO 72653 --- [           main] o.s.cloud.context.scope.GenericScope     : BeanFactory id=6c6ac994-50e2-3e48-abca-19cb215a8b02
2024-08-04T20:51:47.221-03:00  INFO 72653 --- [           main] trationDelegate$BeanPostProcessorChecker : Bean 'br.com.fiap.lanchonete.cliente.client.ClienteCucumberClient' of type [org.springframework.cloud.openfeign.FeignClientFactoryBean] is not eligible for getting processed by all BeanPostProcessors (for example: not eligible for auto-proxying)
2024-08-04T20:51:47.613-03:00  INFO 72653 --- [           main] o.s.b.w.embedded.tomcat.TomcatWebServer  : Tomcat initialized with port(s): 8180 (http)
2024-08-04T20:51:47.621-03:00  INFO 72653 --- [           main] o.apache.catalina.core.StandardService   : Starting service [Tomcat]
2024-08-04T20:51:47.621-03:00  INFO 72653 --- [           main] o.apache.catalina.core.StandardEngine    : Starting Servlet engine: [Apache Tomcat/10.1.13]
2024-08-04T20:51:47.688-03:00  INFO 72653 --- [           main] a.c.c.C.[.[.[/lanchonete-cliente/api/v1] : Initializing Spring embedded WebApplicationContext
2024-08-04T20:51:47.689-03:00  INFO 72653 --- [           main] w.s.c.ServletWebServerApplicationContext : Root WebApplicationContext: initialization completed in 1486 ms
2024-08-04T20:51:47.787-03:00  INFO 72653 --- [           main] com.zaxxer.hikari.HikariDataSource       : HikariPool-1 - Starting...
2024-08-04T20:51:48.003-03:00  INFO 72653 --- [           main] com.zaxxer.hikari.pool.HikariPool        : HikariPool-1 - Added connection conn0: url=jdbc:h2:mem:testdb/lanchonete user=USERNAME
2024-08-04T20:51:48.004-03:00  INFO 72653 --- [           main] com.zaxxer.hikari.HikariDataSource       : HikariPool-1 - Start completed.
2024-08-04T20:51:48.013-03:00  INFO 72653 --- [           main] o.s.b.a.h2.H2ConsoleAutoConfiguration    : H2 console available at '/h2-console'. Database available at 'jdbc:h2:mem:testdb/lanchonete'
2024-08-04T20:51:48.160-03:00  INFO 72653 --- [           main] o.hibernate.jpa.internal.util.LogHelper  : HHH000204: Processing PersistenceUnitInfo [name: default]
2024-08-04T20:51:48.202-03:00  INFO 72653 --- [           main] org.hibernate.Version                    : HHH000412: Hibernate ORM core version 6.3.1.Final
2024-08-04T20:51:48.227-03:00  INFO 72653 --- [           main] o.h.c.internal.RegionFactoryInitiator    : HHH000026: Second-level cache disabled
2024-08-04T20:51:48.304-03:00  INFO 72653 --- [           main] o.s.o.j.p.SpringPersistenceUnitInfo      : No LoadTimeWeaver setup: ignoring JPA class transformer
2024-08-04T20:51:48.333-03:00  WARN 72653 --- [           main] org.hibernate.orm.deprecation            : HHH90000025: H2Dialect does not need to be specified explicitly using 'hibernate.dialect' (remove the property setting and it will be selected by default)
2024-08-04T20:51:48.761-03:00  INFO 72653 --- [           main] o.h.e.t.j.p.i.JtaPlatformInitiator       : HHH000489: No JTA platform available (set 'hibernate.transaction.jta.platform' to enable JTA platform integration)
Hibernate: drop table if exists "cliente" cascade 
Hibernate: drop sequence if exists "cliente_id_seq"
Hibernate: create sequence "cliente_id_seq" start with 1 increment by 1
Hibernate: create table "cliente" ("ativo" boolean, "created_date" timestamp(6) not null, "id" bigint not null, "update_date" timestamp(6) not null, "cpf" varchar(255) unique, "email" varchar(255) unique, "nome" varchar(255), primary key ("id"))
Hibernate: INSERT INTO "cliente" ("id","cpf", "nome", "email", "ativo", "created_date", "update_date") VALUES (99,'123.456.789-09', 'Cliente Teste', 'cliente@teste.com', true ,'2024-05-05 17:25:07', '2024-05-05 17:25:07')
2024-08-04T20:51:48.788-03:00  INFO 72653 --- [           main] j.LocalContainerEntityManagerFactoryBean : Initialized JPA EntityManagerFactory for persistence unit 'default'
2024-08-04T20:51:49.194-03:00  WARN 72653 --- [           main] JpaBaseConfiguration$JpaWebConfiguration : spring.jpa.open-in-view is enabled by default. Therefore, database queries may be performed during view rendering. Explicitly configure spring.jpa.open-in-view to disable this warning
2024-08-04T20:51:50.366-03:00  INFO 72653 --- [           main] o.s.b.a.e.web.EndpointLinksResolver      : Exposing 1 endpoint(s) beneath base path '/actuator'
2024-08-04T20:51:50.497-03:00  INFO 72653 --- [           main] o.s.b.w.embedded.tomcat.TomcatWebServer  : Tomcat started on port(s): 8180 (http) with context path '/lanchonete-cliente/api/v1'
2024-08-04T20:51:50.512-03:00  INFO 72653 --- [           main] b.c.f.l.c.i.CucumberConfiguration        : Started CucumberConfiguration in 4.574 seconds (process running for 6.768)

@tagPost
Scenario Outline: : Criar um novo cliente                                                                                                            &amp#27;[90m# src/test/resources/features/cliente.feature:12&amp#27;[0m
2024-08-04T20:51:50.738-03:00  INFO 72653 --- [nio-8180-exec-1] a.c.c.C.[.[.[/lanchonete-cliente/api/v1] : Initializing Spring DispatcherServlet 'dispatcherServlet'
2024-08-04T20:51:50.738-03:00  INFO 72653 --- [nio-8180-exec-1] o.s.web.servlet.DispatcherServlet        : Initializing Servlet 'dispatcherServlet'
2024-08-04T20:51:50.739-03:00  INFO 72653 --- [nio-8180-exec-1] o.s.web.servlet.DispatcherServlet        : Completed initialization in 1 ms
Hibernate: select c1_0."id" from "cliente" c1_0 where c1_0."cpf"=? fetch first ? rows only
Hibernate: select c1_0."id" from "cliente" c1_0 where c1_0."email"=? fetch first ? rows only
Hibernate: select next value for "cliente_id_seq"
Hibernate: insert into "cliente" ("ativo","cpf","created_date","email","nome","update_date","id") values (?,?,?,?,?,?,?)
  &amp#27;[32mGiven &amp#27;[0m&amp#27;[32mque o cliente envia uma solicitacao para criar um novo cliente, com cpf "&amp#27;[0m&amp#27;[32m&amp#27;[1m686.524.400-18&amp#27;[0m&amp#27;[32m", com nome &amp#27;[0m&amp#27;[32m&amp#27;[1mCliente Teste1&amp#27;[0m&amp#27;[32m e email &amp#27;[0m&amp#27;[32m&amp#27;[1mcliente1@teste.com&amp#27;[0m &amp#27;[90m# void br.com.fiap.lanchonete.cliente.integration.ClienteHttpControllerSteps.givenClienteRequestIsSentToCreateANewClient(java.lang.String,java.lang.String,java.lang.String)&amp#27;[0m
  &amp#27;[32mWhen &amp#27;[0m&amp#27;[32mcliente recebe a solicitacao com code status &amp#27;[0m&amp#27;[32m&amp#27;[1m201&amp#27;[0m                                                                                              &amp#27;[90m# void br.com.fiap.lanchonete.cliente.integration.ClienteHttpControllerSteps.whenClienteRecebeSolicitacao(int)&amp#27;[0m
  &amp#27;[32mThen &amp#27;[0m&amp#27;[32mo cliente recebe a resposta, com cpf "&amp#27;[0m&amp#27;[32m&amp#27;[1m686.524.400-18&amp#27;[0m&amp#27;[32m", com nome &amp#27;[0m&amp#27;[32m&amp#27;[1mCliente Teste1&amp#27;[0m&amp#27;[32m e email &amp#27;[0m&amp#27;[32m&amp#27;[1mcliente1@teste.com&amp#27;[0m                                     &amp#27;[90m# void br.com.fiap.lanchonete.cliente.integration.ClienteHttpControllerSteps.thenClienteRecebeResposta(java.lang.String,java.lang.String,java.lang.String)&amp#27;[0m
]]></system-out>
  </testcase>
  <testcase name="Gerenciamento de clientes via HTTP - : Criar um novo cliente - Examples - Example #1.2" classname="Gerenciamento de clientes via HTTP - : Criar um novo cliente - Examples" time="0.235">
    <system-out><![CDATA[
@tagPost
Scenario Outline: : Criar um novo cliente                                                                                                          &amp#27;[90m# src/test/resources/features/cliente.feature:13&amp#27;[0m
Hibernate: select c1_0."id" from "cliente" c1_0 where c1_0."cpf"=? fetch first ? rows only
2024-08-04T20:51:51.008-03:00 ERROR 72653 --- [nio-8180-exec-2] o.s.w.bind.annotation.ExceptionHandler   : BusinessException: CPF já cadastrado para outro cliente. - []
  &amp#27;[32mGiven &amp#27;[0m&amp#27;[32mque o cliente envia uma solicitacao para criar um novo cliente, com cpf "&amp#27;[0m&amp#27;[32m&amp#27;[1m123.456.789-09&amp#27;[0m&amp#27;[32m", com nome &amp#27;[0m&amp#27;[32m&amp#27;[1mCliente Teste&amp#27;[0m&amp#27;[32m e email &amp#27;[0m&amp#27;[32m&amp#27;[1mcliente@teste.com&amp#27;[0m &amp#27;[90m# void br.com.fiap.lanchonete.cliente.integration.ClienteHttpControllerSteps.givenClienteRequestIsSentToCreateANewClient(java.lang.String,java.lang.String,java.lang.String)&amp#27;[0m
  &amp#27;[32mWhen &amp#27;[0m&amp#27;[32mcliente recebe a solicitacao com code status &amp#27;[0m&amp#27;[32m&amp#27;[1m400&amp#27;[0m                                                                                            &amp#27;[90m# void br.com.fiap.lanchonete.cliente.integration.ClienteHttpControllerSteps.whenClienteRecebeSolicitacao(int)&amp#27;[0m
  &amp#27;[32mThen &amp#27;[0m&amp#27;[32mo cliente recebe a resposta, com cpf "&amp#27;[0m&amp#27;[32m&amp#27;[1m123.456.789-09&amp#27;[0m&amp#27;[32m", com nome &amp#27;[0m&amp#27;[32m&amp#27;[1mCliente Teste&amp#27;[0m&amp#27;[32m e email &amp#27;[0m&amp#27;[32m&amp#27;[1mcliente@teste.com&amp#27;[0m                                     &amp#27;[90m# void br.com.fiap.lanchonete.cliente.integration.ClienteHttpControllerSteps.thenClienteRecebeResposta(java.lang.String,java.lang.String,java.lang.String)&amp#27;[0m
]]></system-out>
  </testcase>
  <testcase name="Gerenciamento de clientes via HTTP - Recuperar informacoes de um cliente pelo CPF - Examples - Example #1.1" classname="Gerenciamento de clientes via HTTP - Recuperar informacoes de um cliente pelo CPF - Examples" time="0.037">
    <system-out><![CDATA[
@tagGet
Scenario Outline: Recuperar informacoes de um cliente pelo CPF                                &amp#27;[90m# src/test/resources/features/cliente.feature:23&amp#27;[0m
Hibernate: select c1_0."id",c1_0."ativo",c1_0."cpf",c1_0."created_date",c1_0."email",c1_0."nome",c1_0."update_date" from "cliente" c1_0 where c1_0."cpf"=?
  &amp#27;[32mGiven &amp#27;[0m&amp#27;[32mque o cliente envia uma solicitacao para recuperar informacoes de um cliente pelo CPF&amp#27;[0m &amp#27;[90m# void br.com.fiap.lanchonete.cliente.integration.ClienteHttpControllerSteps.givenClienteEnviaSolicitacaoRecuperarInformacoes()&amp#27;[0m
  &amp#27;[32mWhen &amp#27;[0m&amp#27;[32mcliente recebe as informacoes com code status &amp#27;[0m&amp#27;[32m&amp#27;[1m200&amp#27;[0m                                      &amp#27;[90m# void br.com.fiap.lanchonete.cliente.integration.ClienteHttpControllerSteps.whenClienteRecebeInformacao(int)&amp#27;[0m
  &amp#27;[32mThen &amp#27;[0m&amp#27;[32mrecebe as informacoes com a resposta&amp#27;[0m                                                   &amp#27;[90m# void br.com.fiap.lanchonete.cliente.integration.ClienteHttpControllerSteps.thenRecebeInformacoesResposta()&amp#27;[0m
]]></system-out>
  </testcase>
</testsuite>